2014-02-09 20:07:16,723 [main] INFO  org.eclipse.jetty.server.Server - jetty-8.1.10.v20130312
2014-02-09 20:07:17,080 [main] INFO  o.e.jetty.server.AbstractConnector - Started SelectChannelConnector@0.0.0.0:53720
2014-02-09 20:11:50,978 [main] INFO  o.e.j.server.handler.ContextHandler - stopped o.e.j.s.ServletContextHandler{/wse,null}
2014-02-09 21:33:43,989 [ModalContext] WARN  o.e.m.i.discovery.MavenDiscovery - CatalogItem org.eclipse.m2e.discovery.lifecyclemapping.m2e-egit does not contain lifecycle mapping metadata
2014-02-09 21:33:44,019 [ModalContext] WARN  o.e.m.i.discovery.MavenDiscovery - CatalogItem org.eclipse.m2e.discovery.lifecyclemapping.m2e-subversive does not contain lifecycle mapping metadata
2014-02-09 21:33:44,020 [ModalContext] WARN  o.e.m.i.discovery.MavenDiscovery - CatalogItem org.eclipse.m2e.discovery.lifecyclemapping.m2e-subclipse does not contain lifecycle mapping metadata
2014-02-09 21:34:16,955 [Worker-5] INFO  o.e.m.c.i.l.LifecycleMappingFactory - Using org.maven.ide.eclipse.wtp.WarLifecycleMapping lifecycle mapping for MavenProject: ppp:services:1.0-SNAPSHOT @ C:\ppp\workspace\services\pom.xml.
2014-02-09 21:34:26,290 [Worker-0] INFO  o.e.m.c.i.l.LifecycleMappingFactory - Using org.maven.ide.eclipse.wtp.WarLifecycleMapping lifecycle mapping for MavenProject: ppp:services:1.0-SNAPSHOT @ C:\ppp\workspace\services\pom.xml.
2014-02-09 21:34:28,121 [Worker-5] INFO  o.e.m.j.i.AbstractJavaProjectConfigurator - Adding source folder /services/src/main/java
2014-02-09 21:34:28,122 [Worker-5] INFO  o.e.m.j.i.AbstractJavaProjectConfigurator - Adding resource folder /services/src/main/resources
2014-02-09 21:34:28,123 [Worker-5] INFO  o.e.m.j.i.AbstractJavaProjectConfigurator - Adding source folder /services/src/test/java
2014-02-09 21:34:38,762 [Worker-5] INFO  o.e.m.c.i.p.ProjectConfigurationManager - Project import completed 33 sec
2014-02-09 21:34:49,237 [Worker-3] INFO  o.e.m.c.i.p.ProjectConfigurationManager - Update started
2014-02-09 21:34:49,238 [Worker-3] INFO  o.e.m.c.i.p.ProjectConfigurationManager - Update completed: 0 sec
2014-02-09 21:34:52,254 [Worker-2] INFO  o.e.m.c.i.l.LifecycleMappingFactory - Using org.maven.ide.eclipse.wtp.WarLifecycleMapping lifecycle mapping for MavenProject: ppp:services:1.0-SNAPSHOT @ C:\ppp\workspace\services\pom.xml.
2014-02-09 21:34:54,939 [Worker-2] WARN  o.e.m.c.i.embedder.EclipseLogger - Using platform encoding (Cp1252 actually) to copy filtered resources, i.e. build is platform dependent!
2014-02-09 21:34:54,971 [Worker-2] INFO  o.e.m.c.i.embedder.EclipseLogger - Copying 3 resources
2014-02-09 21:34:54,985 [Worker-2] WARN  o.e.m.c.i.embedder.EclipseLogger - Using platform encoding (Cp1252 actually) to copy filtered resources, i.e. build is platform dependent!
2014-02-09 21:34:54,986 [Worker-2] INFO  o.e.m.c.i.embedder.EclipseLogger - skip non existing resourceDirectory C:\ppp\workspace\services\src\test\resources
2014-02-09 21:36:14,983 [Worker-5] WARN  o.e.m.c.i.embedder.EclipseLogger - Using platform encoding (Cp1252 actually) to copy filtered resources, i.e. build is platform dependent!
2014-02-09 21:36:14,989 [Worker-5] INFO  o.e.m.c.i.embedder.EclipseLogger - Copying 0 resource
2014-02-09 21:36:14,993 [Worker-5] WARN  o.e.m.c.i.embedder.EclipseLogger - Using platform encoding (Cp1252 actually) to copy filtered resources, i.e. build is platform dependent!
2014-02-09 21:36:14,994 [Worker-5] INFO  o.e.m.c.i.embedder.EclipseLogger - skip non existing resourceDirectory C:\ppp\workspace\services\src\test\resources
2014-02-09 21:37:45,924 [Worker-7] WARN  o.e.m.c.i.embedder.EclipseLogger - Using platform encoding (Cp1252 actually) to copy filtered resources, i.e. build is platform dependent!
2014-02-09 21:37:45,930 [Worker-7] INFO  o.e.m.c.i.embedder.EclipseLogger - Copying 2 resources
2014-02-09 21:37:45,933 [Worker-7] WARN  o.e.m.c.i.embedder.EclipseLogger - Using platform encoding (Cp1252 actually) to copy filtered resources, i.e. build is platform dependent!
2014-02-09 21:37:45,933 [Worker-7] INFO  o.e.m.c.i.embedder.EclipseLogger - skip non existing resourceDirectory C:\ppp\workspace\services\src\test\resources
2014-02-09 21:37:48,038 [Start Help Server] INFO  org.eclipse.jetty.server.Server - jetty-8.1.10.v20130312
2014-02-09 21:37:48,080 [Start Help Server] INFO  o.e.jetty.server.AbstractConnector - Started SelectChannelConnector@127.0.0.1:40283
2014-02-09 21:38:23,825 [Worker-1] WARN  o.e.m.c.i.embedder.EclipseLogger - Using platform encoding (Cp1252 actually) to copy filtered resources, i.e. build is platform dependent!
2014-02-09 21:38:23,828 [Worker-1] INFO  o.e.m.c.i.embedder.EclipseLogger - Copying 2 resources
2014-02-09 21:38:23,832 [Worker-1] WARN  o.e.m.c.i.embedder.EclipseLogger - Using platform encoding (Cp1252 actually) to copy filtered resources, i.e. build is platform dependent!
2014-02-09 21:38:23,833 [Worker-1] INFO  o.e.m.c.i.embedder.EclipseLogger - skip non existing resourceDirectory C:\ppp\workspace\services\src\test\resources
2014-02-09 21:38:32,786 [Worker-0] WARN  o.e.m.c.i.embedder.EclipseLogger - Using platform encoding (Cp1252 actually) to copy filtered resources, i.e. build is platform dependent!
2014-02-09 21:38:32,788 [Worker-0] INFO  o.e.m.c.i.embedder.EclipseLogger - Copying 2 resources
2014-02-09 21:38:32,790 [Worker-0] WARN  o.e.m.c.i.embedder.EclipseLogger - Using platform encoding (Cp1252 actually) to copy filtered resources, i.e. build is platform dependent!
2014-02-09 21:38:32,791 [Worker-0] INFO  o.e.m.c.i.embedder.EclipseLogger - skip non existing resourceDirectory C:\ppp\workspace\services\src\test\resources
2014-02-09 21:38:44,907 [Worker-5] WARN  o.e.m.c.i.embedder.EclipseLogger - Using platform encoding (Cp1252 actually) to copy filtered resources, i.e. build is platform dependent!
2014-02-09 21:38:44,910 [Worker-5] INFO  o.e.m.c.i.embedder.EclipseLogger - Copying 2 resources
2014-02-09 21:38:44,914 [Worker-5] WARN  o.e.m.c.i.embedder.EclipseLogger - Using platform encoding (Cp1252 actually) to copy filtered resources, i.e. build is platform dependent!
2014-02-09 21:38:44,915 [Worker-5] INFO  o.e.m.c.i.embedder.EclipseLogger - skip non existing resourceDirectory C:\ppp\workspace\services\src\test\resources
2014-02-09 21:38:55,537 [Worker-4] WARN  o.e.m.c.i.embedder.EclipseLogger - Using platform encoding (Cp1252 actually) to copy filtered resources, i.e. build is platform dependent!
2014-02-09 21:38:55,540 [Worker-4] INFO  o.e.m.c.i.embedder.EclipseLogger - Copying 2 resources
2014-02-09 21:38:55,543 [Worker-4] WARN  o.e.m.c.i.embedder.EclipseLogger - Using platform encoding (Cp1252 actually) to copy filtered resources, i.e. build is platform dependent!
2014-02-09 21:38:55,544 [Worker-4] INFO  o.e.m.c.i.embedder.EclipseLogger - skip non existing resourceDirectory C:\ppp\workspace\services\src\test\resources
2014-02-09 21:39:06,113 [Worker-4] WARN  o.e.m.c.i.embedder.EclipseLogger - Using platform encoding (Cp1252 actually) to copy filtered resources, i.e. build is platform dependent!
2014-02-09 21:39:06,115 [Worker-4] INFO  o.e.m.c.i.embedder.EclipseLogger - Copying 2 resources
2014-02-09 21:39:06,119 [Worker-4] WARN  o.e.m.c.i.embedder.EclipseLogger - Using platform encoding (Cp1252 actually) to copy filtered resources, i.e. build is platform dependent!
2014-02-09 21:39:06,120 [Worker-4] INFO  o.e.m.c.i.embedder.EclipseLogger - skip non existing resourceDirectory C:\ppp\workspace\services\src\test\resources
2014-02-09 21:39:13,079 [Worker-4] WARN  o.e.m.c.i.embedder.EclipseLogger - Using platform encoding (Cp1252 actually) to copy filtered resources, i.e. build is platform dependent!
2014-02-09 21:39:13,081 [Worker-4] INFO  o.e.m.c.i.embedder.EclipseLogger - Copying 2 resources
2014-02-09 21:39:13,083 [Worker-4] WARN  o.e.m.c.i.embedder.EclipseLogger - Using platform encoding (Cp1252 actually) to copy filtered resources, i.e. build is platform dependent!
2014-02-09 21:39:13,083 [Worker-4] INFO  o.e.m.c.i.embedder.EclipseLogger - skip non existing resourceDirectory C:\ppp\workspace\services\src\test\resources
2014-02-09 21:39:27,991 [Worker-5] WARN  o.e.m.c.i.embedder.EclipseLogger - Using platform encoding (Cp1252 actually) to copy filtered resources, i.e. build is platform dependent!
2014-02-09 21:39:27,992 [Worker-5] INFO  o.e.m.c.i.embedder.EclipseLogger - Copying 2 resources
2014-02-09 21:39:27,995 [Worker-5] WARN  o.e.m.c.i.embedder.EclipseLogger - Using platform encoding (Cp1252 actually) to copy filtered resources, i.e. build is platform dependent!
2014-02-09 21:39:27,995 [Worker-5] INFO  o.e.m.c.i.embedder.EclipseLogger - skip non existing resourceDirectory C:\ppp\workspace\services\src\test\resources
2014-02-09 21:39:35,986 [Worker-0] WARN  o.e.m.c.i.embedder.EclipseLogger - Using platform encoding (Cp1252 actually) to copy filtered resources, i.e. build is platform dependent!
2014-02-09 21:39:35,988 [Worker-0] INFO  o.e.m.c.i.embedder.EclipseLogger - Copying 2 resources
2014-02-09 21:39:35,990 [Worker-0] WARN  o.e.m.c.i.embedder.EclipseLogger - Using platform encoding (Cp1252 actually) to copy filtered resources, i.e. build is platform dependent!
2014-02-09 21:39:35,991 [Worker-0] INFO  o.e.m.c.i.embedder.EclipseLogger - skip non existing resourceDirectory C:\ppp\workspace\services\src\test\resources
2014-02-09 21:39:43,014 [Worker-4] WARN  o.e.m.c.i.embedder.EclipseLogger - Using platform encoding (Cp1252 actually) to copy filtered resources, i.e. build is platform dependent!
2014-02-09 21:39:43,016 [Worker-4] INFO  o.e.m.c.i.embedder.EclipseLogger - Copying 2 resources
2014-02-09 21:39:43,018 [Worker-4] WARN  o.e.m.c.i.embedder.EclipseLogger - Using platform encoding (Cp1252 actually) to copy filtered resources, i.e. build is platform dependent!
2014-02-09 21:39:43,018 [Worker-4] INFO  o.e.m.c.i.embedder.EclipseLogger - skip non existing resourceDirectory C:\ppp\workspace\services\src\test\resources
2014-02-09 21:55:55,305 [Worker-12] WARN  o.e.m.c.i.embedder.EclipseLogger - Using platform encoding (Cp1252 actually) to copy filtered resources, i.e. build is platform dependent!
2014-02-09 21:55:55,306 [Worker-12] INFO  o.e.m.c.i.embedder.EclipseLogger - Copying 0 resource
2014-02-09 21:55:55,308 [Worker-12] WARN  o.e.m.c.i.embedder.EclipseLogger - Using platform encoding (Cp1252 actually) to copy filtered resources, i.e. build is platform dependent!
2014-02-09 21:55:55,309 [Worker-12] INFO  o.e.m.c.i.embedder.EclipseLogger - skip non existing resourceDirectory C:\ppp\workspace\services\src\test\resources
2014-02-09 21:56:53,681 [Worker-19] WARN  o.e.m.c.i.embedder.EclipseLogger - Using platform encoding (Cp1252 actually) to copy filtered resources, i.e. build is platform dependent!
2014-02-09 21:56:53,682 [Worker-19] INFO  o.e.m.c.i.embedder.EclipseLogger - Copying 0 resource
2014-02-09 21:56:53,684 [Worker-19] WARN  o.e.m.c.i.embedder.EclipseLogger - Using platform encoding (Cp1252 actually) to copy filtered resources, i.e. build is platform dependent!
2014-02-09 21:56:53,685 [Worker-19] INFO  o.e.m.c.i.embedder.EclipseLogger - skip non existing resourceDirectory C:\ppp\workspace\services\src\test\resources
2014-02-09 21:57:09,329 [Stop Help Server] INFO  o.e.j.server.handler.ContextHandler - stopped o.e.j.s.ServletContextHandler{/help,null}
2014-02-09 21:57:58,678 [Worker-8] WARN  o.e.m.c.i.embedder.EclipseLogger - Using platform encoding (Cp1252 actually) to copy filtered resources, i.e. build is platform dependent!
2014-02-09 21:57:58,694 [Worker-8] INFO  o.e.m.c.i.embedder.EclipseLogger - Copying 2 resources
2014-02-09 21:57:58,703 [Worker-8] WARN  o.e.m.c.i.embedder.EclipseLogger - Using platform encoding (Cp1252 actually) to copy filtered resources, i.e. build is platform dependent!
2014-02-09 21:57:58,704 [Worker-8] INFO  o.e.m.c.i.embedder.EclipseLogger - skip non existing resourceDirectory C:\ppp\workspace\services\src\test\resources
2014-02-09 21:59:09,245 [Worker-6] WARN  o.e.m.c.i.embedder.EclipseLogger - Using platform encoding (Cp1252 actually) to copy filtered resources, i.e. build is platform dependent!
2014-02-09 21:59:09,250 [Worker-6] INFO  o.e.m.c.i.embedder.EclipseLogger - Copying 0 resource
2014-02-09 21:59:09,253 [Worker-6] WARN  o.e.m.c.i.embedder.EclipseLogger - Using platform encoding (Cp1252 actually) to copy filtered resources, i.e. build is platform dependent!
2014-02-09 21:59:09,254 [Worker-6] INFO  o.e.m.c.i.embedder.EclipseLogger - skip non existing resourceDirectory C:\ppp\workspace\services\src\test\resources
2014-02-09 22:00:12,033 [Worker-1] WARN  o.e.m.c.i.embedder.EclipseLogger - Using platform encoding (Cp1252 actually) to copy filtered resources, i.e. build is platform dependent!
2014-02-09 22:00:12,040 [Worker-1] INFO  o.e.m.c.i.embedder.EclipseLogger - Copying 2 resources
2014-02-09 22:00:12,052 [Worker-1] WARN  o.e.m.c.i.embedder.EclipseLogger - Using platform encoding (Cp1252 actually) to copy filtered resources, i.e. build is platform dependent!
2014-02-09 22:00:12,053 [Worker-1] INFO  o.e.m.c.i.embedder.EclipseLogger - skip non existing resourceDirectory C:\ppp\workspace\services\src\test\resources
2014-02-09 22:20:12,538 [Worker-19] WARN  o.e.m.c.i.embedder.EclipseLogger - Using platform encoding (Cp1252 actually) to copy filtered resources, i.e. build is platform dependent!
2014-02-09 22:20:12,540 [Worker-19] INFO  o.e.m.c.i.embedder.EclipseLogger - Copying 2 resources
2014-02-09 22:20:12,544 [Worker-19] WARN  o.e.m.c.i.embedder.EclipseLogger - Using platform encoding (Cp1252 actually) to copy filtered resources, i.e. build is platform dependent!
2014-02-09 22:20:12,545 [Worker-19] INFO  o.e.m.c.i.embedder.EclipseLogger - skip non existing resourceDirectory C:\ppp\workspace\services\src\test\resources
2014-02-09 22:21:27,247 [Worker-20] WARN  o.e.m.c.i.embedder.EclipseLogger - Using platform encoding (Cp1252 actually) to copy filtered resources, i.e. build is platform dependent!
2014-02-09 22:21:27,249 [Worker-20] INFO  o.e.m.c.i.embedder.EclipseLogger - Copying 2 resources
2014-02-09 22:21:27,253 [Worker-20] WARN  o.e.m.c.i.embedder.EclipseLogger - Using platform encoding (Cp1252 actually) to copy filtered resources, i.e. build is platform dependent!
2014-02-09 22:21:27,254 [Worker-20] INFO  o.e.m.c.i.embedder.EclipseLogger - skip non existing resourceDirectory C:\ppp\workspace\services\src\test\resources
2014-02-09 22:21:31,888 [Worker-22] WARN  o.e.m.c.i.embedder.EclipseLogger - Using platform encoding (Cp1252 actually) to copy filtered resources, i.e. build is platform dependent!
2014-02-09 22:21:31,891 [Worker-22] INFO  o.e.m.c.i.embedder.EclipseLogger - Copying 2 resources
2014-02-09 22:21:31,895 [Worker-22] WARN  o.e.m.c.i.embedder.EclipseLogger - Using platform encoding (Cp1252 actually) to copy filtered resources, i.e. build is platform dependent!
2014-02-09 22:21:31,896 [Worker-22] INFO  o.e.m.c.i.embedder.EclipseLogger - skip non existing resourceDirectory C:\ppp\workspace\services\src\test\resources
2014-02-09 22:21:42,414 [Worker-22] WARN  o.e.m.c.i.embedder.EclipseLogger - Using platform encoding (Cp1252 actually) to copy filtered resources, i.e. build is platform dependent!
2014-02-09 22:21:42,415 [Worker-22] INFO  o.e.m.c.i.embedder.EclipseLogger - Copying 2 resources
2014-02-09 22:21:42,418 [Worker-22] WARN  o.e.m.c.i.embedder.EclipseLogger - Using platform encoding (Cp1252 actually) to copy filtered resources, i.e. build is platform dependent!
2014-02-09 22:21:42,419 [Worker-22] INFO  o.e.m.c.i.embedder.EclipseLogger - skip non existing resourceDirectory C:\ppp\workspace\services\src\test\resources
2014-02-09 22:22:19,450 [Worker-20] WARN  o.e.m.c.i.embedder.EclipseLogger - Using platform encoding (Cp1252 actually) to copy filtered resources, i.e. build is platform dependent!
2014-02-09 22:22:19,452 [Worker-20] INFO  o.e.m.c.i.embedder.EclipseLogger - Copying 2 resources
2014-02-09 22:22:19,456 [Worker-20] WARN  o.e.m.c.i.embedder.EclipseLogger - Using platform encoding (Cp1252 actually) to copy filtered resources, i.e. build is platform dependent!
2014-02-09 22:22:19,457 [Worker-20] INFO  o.e.m.c.i.embedder.EclipseLogger - skip non existing resourceDirectory C:\ppp\workspace\services\src\test\resources
2014-02-09 22:22:27,863 [Worker-20] WARN  o.e.m.c.i.embedder.EclipseLogger - Using platform encoding (Cp1252 actually) to copy filtered resources, i.e. build is platform dependent!
2014-02-09 22:22:27,866 [Worker-20] INFO  o.e.m.c.i.embedder.EclipseLogger - Copying 2 resources
2014-02-09 22:22:27,869 [Worker-20] WARN  o.e.m.c.i.embedder.EclipseLogger - Using platform encoding (Cp1252 actually) to copy filtered resources, i.e. build is platform dependent!
2014-02-09 22:22:27,870 [Worker-20] INFO  o.e.m.c.i.embedder.EclipseLogger - skip non existing resourceDirectory C:\ppp\workspace\services\src\test\resources
2014-02-09 22:24:39,882 [main] INFO  org.eclipse.jetty.server.Server - jetty-8.1.10.v20130312
2014-02-09 22:24:39,929 [main] INFO  o.e.jetty.server.AbstractConnector - Started SelectChannelConnector@0.0.0.0:41534
2014-02-09 22:45:50,410 [Worker-31] WARN  o.e.m.c.i.embedder.EclipseLogger - Using platform encoding (Cp1252 actually) to copy filtered resources, i.e. build is platform dependent!
2014-02-09 22:45:50,412 [Worker-31] INFO  o.e.m.c.i.embedder.EclipseLogger - Copying 2 resources
2014-02-09 22:45:50,414 [Worker-31] WARN  o.e.m.c.i.embedder.EclipseLogger - Using platform encoding (Cp1252 actually) to copy filtered resources, i.e. build is platform dependent!
2014-02-09 22:45:50,414 [Worker-31] INFO  o.e.m.c.i.embedder.EclipseLogger - skip non existing resourceDirectory C:\ppp\workspace\services\src\test\resources
2014-02-09 22:48:49,688 [Worker-34] WARN  o.e.m.c.i.embedder.EclipseLogger - Using platform encoding (Cp1252 actually) to copy filtered resources, i.e. build is platform dependent!
2014-02-09 22:48:49,690 [Worker-34] INFO  o.e.m.c.i.embedder.EclipseLogger - Copying 2 resources
2014-02-09 22:48:49,692 [Worker-34] WARN  o.e.m.c.i.embedder.EclipseLogger - Using platform encoding (Cp1252 actually) to copy filtered resources, i.e. build is platform dependent!
2014-02-09 22:48:49,692 [Worker-34] INFO  o.e.m.c.i.embedder.EclipseLogger - skip non existing resourceDirectory C:\ppp\workspace\services\src\test\resources
2014-02-09 22:48:54,166 [Worker-39] WARN  o.e.m.c.i.embedder.EclipseLogger - Using platform encoding (Cp1252 actually) to copy filtered resources, i.e. build is platform dependent!
2014-02-09 22:48:54,167 [Worker-39] INFO  o.e.m.c.i.embedder.EclipseLogger - Copying 2 resources
2014-02-09 22:48:54,170 [Worker-39] WARN  o.e.m.c.i.embedder.EclipseLogger - Using platform encoding (Cp1252 actually) to copy filtered resources, i.e. build is platform dependent!
2014-02-09 22:48:54,171 [Worker-39] INFO  o.e.m.c.i.embedder.EclipseLogger - skip non existing resourceDirectory C:\ppp\workspace\services\src\test\resources
2014-02-09 23:32:07,121 [Worker-60] WARN  o.e.m.c.i.embedder.EclipseLogger - Using platform encoding (Cp1252 actually) to copy filtered resources, i.e. build is platform dependent!
2014-02-09 23:32:07,146 [Worker-60] INFO  o.e.m.c.i.embedder.EclipseLogger - Copying 2 resources
2014-02-09 23:32:07,149 [Worker-60] WARN  o.e.m.c.i.embedder.EclipseLogger - Using platform encoding (Cp1252 actually) to copy filtered resources, i.e. build is platform dependent!
2014-02-09 23:32:07,150 [Worker-60] INFO  o.e.m.c.i.embedder.EclipseLogger - skip non existing resourceDirectory C:\ppp\workspace\services\src\test\resources
2014-02-10 00:05:11,999 [Worker-78] WARN  o.e.m.c.i.embedder.EclipseLogger - Using platform encoding (Cp1252 actually) to copy filtered resources, i.e. build is platform dependent!
2014-02-10 00:05:12,001 [Worker-78] INFO  o.e.m.c.i.embedder.EclipseLogger - Copying 2 resources
2014-02-10 00:05:12,003 [Worker-78] WARN  o.e.m.c.i.embedder.EclipseLogger - Using platform encoding (Cp1252 actually) to copy filtered resources, i.e. build is platform dependent!
2014-02-10 00:05:12,004 [Worker-78] INFO  o.e.m.c.i.embedder.EclipseLogger - skip non existing resourceDirectory C:\ppp\workspace\services\src\test\resources
2014-02-10 00:05:27,701 [Worker-78] WARN  o.e.m.c.i.embedder.EclipseLogger - Using platform encoding (Cp1252 actually) to copy filtered resources, i.e. build is platform dependent!
2014-02-10 00:05:27,703 [Worker-78] INFO  o.e.m.c.i.embedder.EclipseLogger - Copying 2 resources
2014-02-10 00:05:27,707 [Worker-78] WARN  o.e.m.c.i.embedder.EclipseLogger - Using platform encoding (Cp1252 actually) to copy filtered resources, i.e. build is platform dependent!
2014-02-10 00:05:27,708 [Worker-78] INFO  o.e.m.c.i.embedder.EclipseLogger - skip non existing resourceDirectory C:\ppp\workspace\services\src\test\resources
2014-02-10 00:06:13,645 [Worker-82] WARN  o.e.m.c.i.embedder.EclipseLogger - Using platform encoding (Cp1252 actually) to copy filtered resources, i.e. build is platform dependent!
2014-02-10 00:06:13,647 [Worker-82] INFO  o.e.m.c.i.embedder.EclipseLogger - Copying 2 resources
2014-02-10 00:06:13,650 [Worker-82] WARN  o.e.m.c.i.embedder.EclipseLogger - Using platform encoding (Cp1252 actually) to copy filtered resources, i.e. build is platform dependent!
2014-02-10 00:06:13,651 [Worker-82] INFO  o.e.m.c.i.embedder.EclipseLogger - skip non existing resourceDirectory C:\ppp\workspace\services\src\test\resources
2014-02-10 00:06:23,660 [Worker-69] WARN  o.e.m.c.i.embedder.EclipseLogger - Using platform encoding (Cp1252 actually) to copy filtered resources, i.e. build is platform dependent!
2014-02-10 00:06:23,661 [Worker-69] INFO  o.e.m.c.i.embedder.EclipseLogger - Copying 2 resources
2014-02-10 00:06:23,663 [Worker-69] WARN  o.e.m.c.i.embedder.EclipseLogger - Using platform encoding (Cp1252 actually) to copy filtered resources, i.e. build is platform dependent!
2014-02-10 00:06:23,664 [Worker-69] INFO  o.e.m.c.i.embedder.EclipseLogger - skip non existing resourceDirectory C:\ppp\workspace\services\src\test\resources
2014-02-10 00:07:37,215 [Worker-78] WARN  o.e.m.c.i.embedder.EclipseLogger - Using platform encoding (Cp1252 actually) to copy filtered resources, i.e. build is platform dependent!
2014-02-10 00:07:37,217 [Worker-78] INFO  o.e.m.c.i.embedder.EclipseLogger - Copying 2 resources
2014-02-10 00:07:37,219 [Worker-78] WARN  o.e.m.c.i.embedder.EclipseLogger - Using platform encoding (Cp1252 actually) to copy filtered resources, i.e. build is platform dependent!
2014-02-10 00:07:37,220 [Worker-78] INFO  o.e.m.c.i.embedder.EclipseLogger - skip non existing resourceDirectory C:\ppp\workspace\services\src\test\resources
2014-02-10 00:07:45,223 [Worker-76] WARN  o.e.m.c.i.embedder.EclipseLogger - Using platform encoding (Cp1252 actually) to copy filtered resources, i.e. build is platform dependent!
2014-02-10 00:07:45,225 [Worker-76] INFO  o.e.m.c.i.embedder.EclipseLogger - Copying 2 resources
2014-02-10 00:07:45,229 [Worker-76] WARN  o.e.m.c.i.embedder.EclipseLogger - Using platform encoding (Cp1252 actually) to copy filtered resources, i.e. build is platform dependent!
2014-02-10 00:07:45,230 [Worker-76] INFO  o.e.m.c.i.embedder.EclipseLogger - skip non existing resourceDirectory C:\ppp\workspace\services\src\test\resources
2014-02-10 00:08:11,122 [Worker-69] WARN  o.e.m.c.i.embedder.EclipseLogger - Using platform encoding (Cp1252 actually) to copy filtered resources, i.e. build is platform dependent!
2014-02-10 00:08:11,125 [Worker-69] INFO  o.e.m.c.i.embedder.EclipseLogger - Copying 2 resources
2014-02-10 00:08:11,128 [Worker-69] WARN  o.e.m.c.i.embedder.EclipseLogger - Using platform encoding (Cp1252 actually) to copy filtered resources, i.e. build is platform dependent!
2014-02-10 00:08:11,130 [Worker-69] INFO  o.e.m.c.i.embedder.EclipseLogger - skip non existing resourceDirectory C:\ppp\workspace\services\src\test\resources
2014-02-10 00:08:49,816 [Worker-84] WARN  o.e.m.c.i.embedder.EclipseLogger - Using platform encoding (Cp1252 actually) to copy filtered resources, i.e. build is platform dependent!
2014-02-10 00:08:49,818 [Worker-84] INFO  o.e.m.c.i.embedder.EclipseLogger - Copying 2 resources
2014-02-10 00:08:49,822 [Worker-84] WARN  o.e.m.c.i.embedder.EclipseLogger - Using platform encoding (Cp1252 actually) to copy filtered resources, i.e. build is platform dependent!
2014-02-10 00:08:49,823 [Worker-84] INFO  o.e.m.c.i.embedder.EclipseLogger - skip non existing resourceDirectory C:\ppp\workspace\services\src\test\resources
2014-02-10 00:09:14,949 [Worker-83] WARN  o.e.m.c.i.embedder.EclipseLogger - Using platform encoding (Cp1252 actually) to copy filtered resources, i.e. build is platform dependent!
2014-02-10 00:09:14,950 [Worker-83] INFO  o.e.m.c.i.embedder.EclipseLogger - Copying 2 resources
2014-02-10 00:09:14,953 [Worker-83] WARN  o.e.m.c.i.embedder.EclipseLogger - Using platform encoding (Cp1252 actually) to copy filtered resources, i.e. build is platform dependent!
2014-02-10 00:09:14,953 [Worker-83] INFO  o.e.m.c.i.embedder.EclipseLogger - skip non existing resourceDirectory C:\ppp\workspace\services\src\test\resources
2014-02-10 00:15:14,242 [Worker-84] WARN  o.e.m.c.i.embedder.EclipseLogger - Using platform encoding (Cp1252 actually) to copy filtered resources, i.e. build is platform dependent!
2014-02-10 00:15:14,244 [Worker-84] INFO  o.e.m.c.i.embedder.EclipseLogger - Copying 2 resources
2014-02-10 00:15:14,246 [Worker-84] WARN  o.e.m.c.i.embedder.EclipseLogger - Using platform encoding (Cp1252 actually) to copy filtered resources, i.e. build is platform dependent!
2014-02-10 00:15:14,247 [Worker-84] INFO  o.e.m.c.i.embedder.EclipseLogger - skip non existing resourceDirectory C:\ppp\workspace\services\src\test\resources
2014-02-10 00:15:37,569 [Worker-83] WARN  o.e.m.c.i.embedder.EclipseLogger - Using platform encoding (Cp1252 actually) to copy filtered resources, i.e. build is platform dependent!
2014-02-10 00:15:37,571 [Worker-83] INFO  o.e.m.c.i.embedder.EclipseLogger - Copying 2 resources
2014-02-10 00:15:37,573 [Worker-83] WARN  o.e.m.c.i.embedder.EclipseLogger - Using platform encoding (Cp1252 actually) to copy filtered resources, i.e. build is platform dependent!
2014-02-10 00:15:37,573 [Worker-83] INFO  o.e.m.c.i.embedder.EclipseLogger - skip non existing resourceDirectory C:\ppp\workspace\services\src\test\resources
2014-02-10 00:15:54,449 [Worker-80] WARN  o.e.m.c.i.embedder.EclipseLogger - Using platform encoding (Cp1252 actually) to copy filtered resources, i.e. build is platform dependent!
2014-02-10 00:15:54,451 [Worker-80] INFO  o.e.m.c.i.embedder.EclipseLogger - Copying 2 resources
2014-02-10 00:15:54,454 [Worker-80] WARN  o.e.m.c.i.embedder.EclipseLogger - Using platform encoding (Cp1252 actually) to copy filtered resources, i.e. build is platform dependent!
2014-02-10 00:15:54,455 [Worker-80] INFO  o.e.m.c.i.embedder.EclipseLogger - skip non existing resourceDirectory C:\ppp\workspace\services\src\test\resources
2014-02-10 01:38:15,723 [Worker-143] INFO  o.e.m.w.i.f.ResourceFilteringBuildParticipant - Cleaning filtered folder for services
2014-02-10 01:38:16,756 [Worker-138] WARN  o.e.m.c.i.embedder.EclipseLogger - Using platform encoding (Cp1252 actually) to copy filtered resources, i.e. build is platform dependent!
2014-02-10 01:38:16,758 [Worker-138] INFO  o.e.m.c.i.embedder.EclipseLogger - Copying 2 resources
2014-02-10 01:38:16,764 [Worker-138] WARN  o.e.m.c.i.embedder.EclipseLogger - Using platform encoding (Cp1252 actually) to copy filtered resources, i.e. build is platform dependent!
2014-02-10 01:38:16,766 [Worker-138] INFO  o.e.m.c.i.embedder.EclipseLogger - skip non existing resourceDirectory C:\ppp\workspace\services\src\test\resources
2014-02-10 01:48:45,243 [Worker-148] WARN  o.e.m.c.i.embedder.EclipseLogger - Using platform encoding (Cp1252 actually) to copy filtered resources, i.e. build is platform dependent!
2014-02-10 01:48:45,245 [Worker-148] INFO  o.e.m.c.i.embedder.EclipseLogger - Copying 2 resources
2014-02-10 01:48:45,247 [Worker-148] WARN  o.e.m.c.i.embedder.EclipseLogger - Using platform encoding (Cp1252 actually) to copy filtered resources, i.e. build is platform dependent!
2014-02-10 01:48:45,248 [Worker-148] INFO  o.e.m.c.i.embedder.EclipseLogger - skip non existing resourceDirectory C:\ppp\workspace\services\src\test\resources
